<?xml version="1.0" encoding="UTF-8"?>
<!-- Generated by org.testng.reporters.JUnitReportReporter -->
<testsuite hostname="mindq-PC" name="com.ebank.master.EmployeeObj" tests="2" failures="0" timestamp="4 May 2017 11:26:07 GMT" time="19.009" errors="0">
  <testcase name="Empe" time="9.484" classname="com.ebank.master.EmployeeObj"/>
  <testcase name="Empe" time="9.525" classname="com.ebank.master.EmployeeObj"/>
</testsuite> <!-- com.ebank.master.EmployeeObj -->
