<?xml version="1.0" encoding="UTF-8"?>
<!-- Generated by org.testng.reporters.JUnitReportReporter -->
<testsuite hostname="mindq-PC" name="com.ebank.master.BranchNg" tests="1" failures="0" timestamp="4 May 2017 10:40:44 GMT" time="33.696" errors="0">
  <testcase name="Br" time="33.696" classname="com.ebank.master.BranchNg"/>
</testsuite> <!-- com.ebank.master.BranchNg -->
