<?xml version="1.0" encoding="UTF-8"?>
<!-- Generated by org.testng.reporters.JUnitReportReporter -->
<testsuite hostname="mindq-PC" name="com.ebank.master.Testmethods" tests="4" failures="0" timestamp="3 May 2017 10:22:31 GMT" time="69.820" errors="0">
  <testcase name="f" time="9.509" classname="com.ebank.master.Testmethods"/>
  <testcase name="Branch" time="33.743" classname="com.ebank.master.Testmethods"/>
  <testcase name="Role" time="17.147" classname="com.ebank.master.Testmethods"/>
  <testcase name="Employee" time="9.421" classname="com.ebank.master.Testmethods"/>
</testsuite> <!-- com.ebank.master.Testmethods -->
