<?xml version="1.0" encoding="UTF-8"?>
<!-- Generated by org.testng.reporters.JUnitReportReporter -->
<testsuite hostname="mindq-PC" name="com.ebank.master.TestAntns" tests="1" failures="0" timestamp="3 May 2017 09:43:36 GMT" time="9.550" errors="0">
  <testcase name="f" time="9.550" classname="com.ebank.master.TestAntns"/>
</testsuite> <!-- com.ebank.master.TestAntns -->
