<?xml version="1.0" encoding="UTF-8"?>
<!-- Generated by org.testng.reporters.JUnitReportReporter -->
<testsuite hostname="mindq-PC" name="com.ebank.master.Testng" tests="5" failures="0" timestamp="3 May 2017 09:07:08 GMT" time="51.570" errors="0">
  <testcase name="AdminLogin" time="1.748" classname="com.ebank.master.Testng"/>
  <testcase name="Branch" time="33.561" classname="com.ebank.master.Testng"/>
  <testcase name="openapp" time="8.007" classname="com.ebank.master.Testng"/>
  <testcase name="Logout" time="4.229" classname="com.ebank.master.Testng"/>
  <testcase name="close" time="4.025" classname="com.ebank.master.Testng"/>
</testsuite> <!-- com.ebank.master.Testng -->
