<?xml version="1.0" encoding="UTF-8"?>
<!-- Generated by org.testng.reporters.JUnitReportReporter -->
<testsuite hostname="mindq-PC" name="com.ebank.master.Exepom" tests="1" failures="0" timestamp="5 May 2017 16:56:48 GMT" time="7.416" errors="0">
  <testcase name="login" time="7.416" classname="com.ebank.master.Exepom"/>
</testsuite> <!-- com.ebank.master.Exepom -->
