<?xml version="1.0" encoding="UTF-8"?>
<!-- Generated by org.testng.reporters.JUnitReportReporter -->
<testsuite hostname="mindq-PC" name="com.ebank.master.BranchObj" tests="1" failures="0" timestamp="4 May 2017 11:22:42 GMT" time="33.511" errors="0">
  <testcase name="Brnch" time="33.511" classname="com.ebank.master.BranchObj"/>
</testsuite> <!-- com.ebank.master.BranchObj -->
